[0m[[0m[0mdebug[0m] [0m[0mRunning TaskDef(Zad01FlatSpec, org.scalatest.tools.Framework$$anon$1@25133fb9, false, [SuiteSelector])[0m
[0m[[0m[0mdebug[0m] [0m[0mRunning TaskDef(Zad02FlatSpec, org.scalatest.tools.Framework$$anon$1@25133fb9, false, [SuiteSelector])[0m
[0m[[0m[0minfo[0m] [0m[0m[32mZad02FlatSpec:[0m[0m
[0m[[0m[0minfo[0m] [0m[0m[32mFor non-positive len and/or shift argument values the function[0m[0m
[0m[[0m[0minfo[0m] [0m[0m[32m- should throw the IllegalArgumentException[0m[0m
[0m[[0m[0minfo[0m] [0m[0m[32mFor empty list and positive values of len and shift the result[0m[0m
[0m[[0m[0minfo[0m] [0m[0m[31m- should be empty *** FAILED ***[0m[0m
[0m[[0m[0minfo[0m] [0m[0m[31m  scala.NotImplementedError: an implementation is missing[0m[0m
[0m[[0m[0minfo[0m] [0m[0m[31m  at scala.Predef$.$qmark$qmark$qmark(Predef.scala:344)[0m[0m
[0m[[0m[0minfo[0m] [0m[0m[31m  at Zad02$package$.group(Zad02.scala:11)[0m[0m
[0m[[0m[0minfo[0m] [0m[0m[31m  at Zad02FlatSpec.testFun$proxy2$1(Zad02.scala:34)[0m[0m
[0m[[0m[0minfo[0m] [0m[0m[31m  at Zad02FlatSpec.$init$$$anonfun$2(Zad02.scala:33)[0m[0m
[0m[[0m[0minfo[0m] [0m[0m[31m  at org.scalatest.Transformer.apply$$anonfun$1(Transformer.scala:22)[0m[0m
[0m[[0m[0minfo[0m] [0m[0m[31m  at org.scalatest.OutcomeOf.outcomeOf(OutcomeOf.scala:85)[0m[0m
[0m[[0m[0minfo[0m] [0m[0m[31m  at org.scalatest.OutcomeOf.outcomeOf$(OutcomeOf.scala:31)[0m[0m
[0m[[0m[0minfo[0m] [0m[0m[31m  at org.scalatest.OutcomeOf$.outcomeOf(OutcomeOf.scala:104)[0m[0m
[0m[[0m[0minfo[0m] [0m[0m[31m  at org.scalatest.Transformer.apply(Transformer.scala:22)[0m[0m
[0m[[0m[0minfo[0m] [0m[0m[31m  at org.scalatest.Transformer.apply(Transformer.scala:21)[0m[0m
[0m[[0m[0minfo[0m] [0m[0m[31m  ...[0m[0m
[0m[[0m[0minfo[0m] [0m[0m[32mExamples provided with the exercise[0m[0m
[0m[[0m[0minfo[0m] [0m[0m[31m- should return expected results *** FAILED ***[0m[0m
[0m[[0m[0minfo[0m] [0m[0m[31m  scala.NotImplementedError: an implementation is missing[0m[0m
[0m[[0m[0minfo[0m] [0m[0m[31m  at scala.Predef$.$qmark$qmark$qmark(Predef.scala:344)[0m[0m
[0m[[0m[0minfo[0m] [0m[0m[31m  at Zad02$package$.group(Zad02.scala:11)[0m[0m
[0m[[0m[0minfo[0m] [0m[0m[31m  at Zad02FlatSpec.testFun$proxy3$1(Zad02.scala:39)[0m[0m
[0m[[0m[0minfo[0m] [0m[0m[31m  at Zad02FlatSpec.$init$$$anonfun$3(Zad02.scala:37)[0m[0m
[0m[[0m[0minfo[0m] [0m[0m[31m  at org.scalatest.Transformer.apply$$anonfun$1(Transformer.scala:22)[0m[0m
[0m[[0m[0minfo[0m] [0m[0m[31m  at org.scalatest.OutcomeOf.outcomeOf(OutcomeOf.scala:85)[0m[0m
[0m[[0m[0minfo[0m] [0m[0m[31m  at org.scalatest.OutcomeOf.outcomeOf$(OutcomeOf.scala:31)[0m[0m
[0m[[0m[0minfo[0m] [0m[0m[31m  at org.scalatest.OutcomeOf$.outcomeOf(OutcomeOf.scala:104)[0m[0m
[0m[[0m[0minfo[0m] [0m[0m[31m  at org.scalatest.Transformer.apply(Transformer.scala:22)[0m[0m
[0m[[0m[0minfo[0m] [0m[0m[31m  at org.scalatest.Transformer.apply(Transformer.scala:21)[0m[0m
[0m[[0m[0minfo[0m] [0m[0m[31m  ...[0m[0m
[0m[[0m[0minfo[0m] [0m[0m[32mFor len >= list.length and any positive shift the value of group(list)(len, shift)[0m[0m
[0m[[0m[0minfo[0m] [0m[0m[31m- should equal List(list) *** FAILED ***[0m[0m
[0m[[0m[0minfo[0m] [0m[0m[31m  scala.NotImplementedError: an implementation is missing[0m[0m
[0m[[0m[0minfo[0m] [0m[0m[31m  at scala.Predef$.$qmark$qmark$qmark(Predef.scala:344)[0m[0m
[0m[[0m[0minfo[0m] [0m[0m[31m  at Zad02$package$.group(Zad02.scala:11)[0m[0m
[0m[[0m[0minfo[0m] [0m[0m[31m  at Zad02FlatSpec.testFun$proxy4$1(Zad02.scala:46)[0m[0m
[0m[[0m[0minfo[0m] [0m[0m[31m  at Zad02FlatSpec.$init$$$anonfun$4(Zad02.scala:44)[0m[0m
[0m[[0m[0minfo[0m] [0m[0m[31m  at org.scalatest.Transformer.apply$$anonfun$1(Transformer.scala:22)[0m[0m
[0m[[0m[0minfo[0m] [0m[0m[31m  at org.scalatest.OutcomeOf.outcomeOf(OutcomeOf.scala:85)[0m[0m
[0m[[0m[0minfo[0m] [0m[0m[31m  at org.scalatest.OutcomeOf.outcomeOf$(OutcomeOf.scala:31)[0m[0m
[0m[[0m[0minfo[0m] [0m[0m[31m  at org.scalatest.OutcomeOf$.outcomeOf(OutcomeOf.scala:104)[0m[0m
[0m[[0m[0minfo[0m] [0m[0m[31m  at org.scalatest.Transformer.apply(Transformer.scala:22)[0m[0m
[0m[[0m[0minfo[0m] [0m[0m[31m  at org.scalatest.Transformer.apply(Transformer.scala:21)[0m[0m
[0m[[0m[0minfo[0m] [0m[0m[31m  ...[0m[0m
[0m[[0m[0minfo[0m] [0m[0m[32mThe value of group(list)(1, 1)[0m[0m
[0m[[0m[0minfo[0m] [0m[0m[31m- should equal list.map(a => List(a)) *** FAILED ***[0m[0m
[0m[[0m[0minfo[0m] [0m[0m[31m  scala.NotImplementedError: an implementation is missing[0m[0m
[0m[[0m[0minfo[0m] [0m[0m[31m  at scala.Predef$.$qmark$qmark$qmark(Predef.scala:344)[0m[0m
[0m[[0m[0minfo[0m] [0m[0m[31m  at Zad02$package$.group(Zad02.scala:11)[0m[0m
[0m[[0m[0minfo[0m] [0m[0m[31m  at Zad02FlatSpec.testFun$proxy5$1(Zad02.scala:54)[0m[0m
[0m[[0m[0minfo[0m] [0m[0m[31m  at Zad02FlatSpec.$init$$$anonfun$5(Zad02.scala:52)[0m[0m
[0m[[0m[0minfo[0m] [0m[0m[31m  at org.scalatest.Transformer.apply$$anonfun$1(Transformer.scala:22)[0m[0m
[0m[[0m[0minfo[0m] [0m[0m[31m  at org.scalatest.OutcomeOf.outcomeOf(OutcomeOf.scala:85)[0m[0m
[0m[[0m[0minfo[0m] [0m[0m[31m  at org.scalatest.OutcomeOf.outcomeOf$(OutcomeOf.scala:31)[0m[0m
[0m[[0m[0minfo[0m] [0m[0m[31m  at org.scalatest.OutcomeOf$.outcomeOf(OutcomeOf.scala:104)[0m[0m
[0m[[0m[0minfo[0m] [0m[0m[31m  at org.scalatest.Transformer.apply(Transformer.scala:22)[0m[0m
[0m[[0m[0minfo[0m] [0m[0m[31m  at org.scalatest.Transformer.apply(Transformer.scala:21)[0m[0m
[0m[[0m[0minfo[0m] [0m[0m[31m  ...[0m[0m
[0m[[0m[0minfo[0m] [0m[0m[32mZad01FlatSpec:[0m[0m
[0m[[0m[0minfo[0m] [0m[0m[32mThe ranking function[0m[0m
[0m[[0m[0minfo[0m] [0m[0m[31m- should provide the expected result for the "test.txt" data file. *** FAILED ***[0m[0m
[0m[[0m[0minfo[0m] [0m[0m[31m  HashMap(5 -> Set((5,18), (5,12)), 1 -> Set((1,20)), 2 -> Set((2,22)), 7 -> Set((7,2)), 3 -> Set((3,19)), 8 -> Set((8,23)), 4 -> Set((4,9))) did not equal HashMap(0 -> Set((0,2)), 5 -> Set((5,22)), 1 -> Set((1,12)), 6 -> Set((6,20)), 2 -> Set((2,18)), 3 -> Set((3,9)), 4 -> Set((4,19))) (Zad01.scala:16)[0m[0m
[0m[[0m[0minfo[0m] [0m[0m[31m  Analysis:[0m[0m
[0m[[0m[0minfo[0m] [0m[0m[31m  HashMap(0: -> Set((0,2)), 1: Set((1,20)) -> Set((1,12)), 2: Set((2,22)) -> Set((2,18)), 3: Set((3,19)) -> Set((3,9)), 4: Set((4,9)) -> Set((4,19)), 5: Set((5,18), (5,12)) -> Set((5,22)), 6: -> Set((6,20)), 7: Set((7,2)) -> , 8: Set((8,23)) -> )[0m[0m
[0m[[0m[0minfo[0m] [0m[0m[36mRun completed in 337 milliseconds.[0m[0m
[0m[[0m[0minfo[0m] [0m[0m[36mTotal number of tests run: 6[0m[0m
[0m[[0m[0minfo[0m] [0m[0m[36mSuites: completed 2, aborted 0[0m[0m
[0m[[0m[0minfo[0m] [0m[0m[36mTests: succeeded 1, failed 5, canceled 0, ignored 0, pending 0[0m[0m
[0m[[0m[0minfo[0m] [0m[0m[31m*** 5 TESTS FAILED ***[0m[0m
[0m[[0m[31merror[0m] [0m[0mFailed tests:[0m
[0m[[0m[31merror[0m] [0m[0m	Zad01FlatSpec[0m
[0m[[0m[31merror[0m] [0m[0m	Zad02FlatSpec[0m
[0m[[0m[31merror[0m] [0m[0m(Test / [31mtest[0m) sbt.TestsFailedException: Tests unsuccessful[0m
